2022-01-06T01:37:11+00:00 CRITICAL Maximum execution time of 120 seconds exceeded in C:\xampp\htdocs\earthly\wp-content\plugins\woocommerce\packages\action-scheduler\classes\ActionScheduler_ActionFactory.php on line 6

2022-01-06T01:37:11+00:00 CRITICAL Maximum execution time of 120 seconds exceeded in C:\xampp\htdocs\earthly\wp-content\plugins\elementskit-lite\modules\header-footer\theme-hooks\theme-support.php on line 4

2022-01-06T18:10:43+00:00 CRITICAL Uncaught Error: Call to undefined method WP_Error::get_data() in C:\xampp\htdocs\earthly\wp-content\plugins\woocommerce\packages\woocommerce-blocks\src\RestApi.php:64
Stack trace:
#0 C:\xampp\htdocs\earthly\wp-content\plugins\woocommerce\packages\woocommerce-blocks\src\BlockTypes\AbstractBlock.php(352): Automattic\WooCommerce\Blocks\RestApi->get_routes_from_namespace('wc/store')
#1 C:\xampp\htdocs\earthly\wp-content\plugins\woocommerce\packages\woocommerce-blocks\src\BlockTypes\AbstractProductGrid.php(617): Automattic\WooCommerce\Blocks\BlockTypes\AbstractBlock->enqueue_data(Array)
#2 C:\xampp\htdocs\earthly\wp-content\plugins\woocommerce\packages\woocommerce-blocks\src\BlockTypes\AbstractBlock.php(323): Automattic\WooCommerce\Blocks\BlockTypes\AbstractProductGrid->enqueue_data(Array)
#3 C:\xampp\htdocs\earthly\wp-content\plugins\woocommerce\packages\woocommerce-blocks\src\BlockTypes\AbstractBlock.php(85): Automattic\WooCommerce\Blocks\BlockTypes\AbstractBlock->enqueue_assets(Array)
#4 C:\xampp\htdocs\earthly in C:\xampp\htdocs\earthly\wp-content\plugins\woocommerce\packages\woocommerce-blocks\src\RestApi.php on line 64

2022-01-06T18:11:08+00:00 CRITICAL Uncaught Error: Call to undefined method WP_Error::get_data() in C:\xampp\htdocs\earthly\wp-content\plugins\woocommerce\packages\woocommerce-blocks\src\RestApi.php:64
Stack trace:
#0 C:\xampp\htdocs\earthly\wp-content\plugins\woocommerce\packages\woocommerce-blocks\src\BlockTypes\AbstractBlock.php(352): Automattic\WooCommerce\Blocks\RestApi->get_routes_from_namespace('wc/store')
#1 C:\xampp\htdocs\earthly\wp-content\plugins\woocommerce\packages\woocommerce-blocks\src\BlockTypes\AbstractProductGrid.php(617): Automattic\WooCommerce\Blocks\BlockTypes\AbstractBlock->enqueue_data(Array)
#2 C:\xampp\htdocs\earthly\wp-content\plugins\woocommerce\packages\woocommerce-blocks\src\BlockTypes\AbstractBlock.php(323): Automattic\WooCommerce\Blocks\BlockTypes\AbstractProductGrid->enqueue_data(Array)
#3 C:\xampp\htdocs\earthly\wp-content\plugins\woocommerce\packages\woocommerce-blocks\src\BlockTypes\AbstractBlock.php(85): Automattic\WooCommerce\Blocks\BlockTypes\AbstractBlock->enqueue_assets(Array)
#4 C:\xampp\htdocs\earthly in C:\xampp\htdocs\earthly\wp-content\plugins\woocommerce\packages\woocommerce-blocks\src\RestApi.php on line 64

2022-01-06T18:11:30+00:00 CRITICAL Uncaught Error: Call to undefined method WP_Error::get_data() in C:\xampp\htdocs\earthly\wp-content\plugins\woocommerce\packages\woocommerce-blocks\src\RestApi.php:64
Stack trace:
#0 C:\xampp\htdocs\earthly\wp-content\plugins\woocommerce\packages\woocommerce-blocks\src\BlockTypes\AbstractBlock.php(352): Automattic\WooCommerce\Blocks\RestApi->get_routes_from_namespace('wc/store')
#1 C:\xampp\htdocs\earthly\wp-content\plugins\woocommerce\packages\woocommerce-blocks\src\BlockTypes\AbstractProductGrid.php(617): Automattic\WooCommerce\Blocks\BlockTypes\AbstractBlock->enqueue_data(Array)
#2 C:\xampp\htdocs\earthly\wp-content\plugins\woocommerce\packages\woocommerce-blocks\src\BlockTypes\AbstractBlock.php(323): Automattic\WooCommerce\Blocks\BlockTypes\AbstractProductGrid->enqueue_data(Array)
#3 C:\xampp\htdocs\earthly\wp-content\plugins\woocommerce\packages\woocommerce-blocks\src\BlockTypes\AbstractBlock.php(85): Automattic\WooCommerce\Blocks\BlockTypes\AbstractBlock->enqueue_assets(Array)
#4 C:\xampp\htdocs\earthly in C:\xampp\htdocs\earthly\wp-content\plugins\woocommerce\packages\woocommerce-blocks\src\RestApi.php on line 64

2022-01-06T18:11:45+00:00 CRITICAL Uncaught Error: Call to undefined method WP_Error::get_data() in C:\xampp\htdocs\earthly\wp-content\plugins\woocommerce\packages\woocommerce-blocks\src\RestApi.php:64
Stack trace:
#0 C:\xampp\htdocs\earthly\wp-content\plugins\woocommerce\packages\woocommerce-blocks\src\BlockTypes\AbstractBlock.php(352): Automattic\WooCommerce\Blocks\RestApi->get_routes_from_namespace('wc/store')
#1 C:\xampp\htdocs\earthly\wp-content\plugins\woocommerce\packages\woocommerce-blocks\src\BlockTypes\AbstractProductGrid.php(617): Automattic\WooCommerce\Blocks\BlockTypes\AbstractBlock->enqueue_data(Array)
#2 C:\xampp\htdocs\earthly\wp-content\plugins\woocommerce\packages\woocommerce-blocks\src\BlockTypes\AbstractBlock.php(323): Automattic\WooCommerce\Blocks\BlockTypes\AbstractProductGrid->enqueue_data(Array)
#3 C:\xampp\htdocs\earthly\wp-content\plugins\woocommerce\packages\woocommerce-blocks\src\BlockTypes\AbstractBlock.php(85): Automattic\WooCommerce\Blocks\BlockTypes\AbstractBlock->enqueue_assets(Array)
#4 C:\xampp\htdocs\earthly in C:\xampp\htdocs\earthly\wp-content\plugins\woocommerce\packages\woocommerce-blocks\src\RestApi.php on line 64

2022-01-06T18:11:53+00:00 CRITICAL Uncaught Error: Call to undefined method WP_Error::get_data() in C:\xampp\htdocs\earthly\wp-content\plugins\woocommerce\packages\woocommerce-blocks\src\RestApi.php:64
Stack trace:
#0 C:\xampp\htdocs\earthly\wp-content\plugins\woocommerce\packages\woocommerce-blocks\src\BlockTypes\AbstractBlock.php(352): Automattic\WooCommerce\Blocks\RestApi->get_routes_from_namespace('wc/store')
#1 C:\xampp\htdocs\earthly\wp-content\plugins\woocommerce\packages\woocommerce-blocks\src\BlockTypes\AbstractProductGrid.php(617): Automattic\WooCommerce\Blocks\BlockTypes\AbstractBlock->enqueue_data(Array)
#2 C:\xampp\htdocs\earthly\wp-content\plugins\woocommerce\packages\woocommerce-blocks\src\BlockTypes\AbstractBlock.php(323): Automattic\WooCommerce\Blocks\BlockTypes\AbstractProductGrid->enqueue_data(Array)
#3 C:\xampp\htdocs\earthly\wp-content\plugins\woocommerce\packages\woocommerce-blocks\src\BlockTypes\AbstractBlock.php(85): Automattic\WooCommerce\Blocks\BlockTypes\AbstractBlock->enqueue_assets(Array)
#4 C:\xampp\htdocs\earthly in C:\xampp\htdocs\earthly\wp-content\plugins\woocommerce\packages\woocommerce-blocks\src\RestApi.php on line 64

2022-01-06T18:12:14+00:00 CRITICAL Uncaught Error: Call to undefined method WP_Error::get_data() in C:\xampp\htdocs\earthly\wp-content\plugins\woocommerce\packages\woocommerce-blocks\src\RestApi.php:64
Stack trace:
#0 C:\xampp\htdocs\earthly\wp-content\plugins\woocommerce\packages\woocommerce-blocks\src\BlockTypes\AbstractBlock.php(352): Automattic\WooCommerce\Blocks\RestApi->get_routes_from_namespace('wc/store')
#1 C:\xampp\htdocs\earthly\wp-content\plugins\woocommerce\packages\woocommerce-blocks\src\BlockTypes\AbstractProductGrid.php(617): Automattic\WooCommerce\Blocks\BlockTypes\AbstractBlock->enqueue_data(Array)
#2 C:\xampp\htdocs\earthly\wp-content\plugins\woocommerce\packages\woocommerce-blocks\src\BlockTypes\AbstractBlock.php(323): Automattic\WooCommerce\Blocks\BlockTypes\AbstractProductGrid->enqueue_data(Array)
#3 C:\xampp\htdocs\earthly\wp-content\plugins\woocommerce\packages\woocommerce-blocks\src\BlockTypes\AbstractBlock.php(85): Automattic\WooCommerce\Blocks\BlockTypes\AbstractBlock->enqueue_assets(Array)
#4 C:\xampp\htdocs\earthly in C:\xampp\htdocs\earthly\wp-content\plugins\woocommerce\packages\woocommerce-blocks\src\RestApi.php on line 64

2022-01-06T18:13:08+00:00 CRITICAL Uncaught Error: Call to undefined method WP_Error::get_data() in C:\xampp\htdocs\earthly\wp-content\plugins\woocommerce\packages\woocommerce-blocks\src\RestApi.php:64
Stack trace:
#0 C:\xampp\htdocs\earthly\wp-content\plugins\woocommerce\packages\woocommerce-blocks\src\BlockTypes\AbstractBlock.php(352): Automattic\WooCommerce\Blocks\RestApi->get_routes_from_namespace('wc/store')
#1 C:\xampp\htdocs\earthly\wp-content\plugins\woocommerce\packages\woocommerce-blocks\src\BlockTypes\AbstractProductGrid.php(617): Automattic\WooCommerce\Blocks\BlockTypes\AbstractBlock->enqueue_data(Array)
#2 C:\xampp\htdocs\earthly\wp-content\plugins\woocommerce\packages\woocommerce-blocks\src\BlockTypes\AbstractBlock.php(323): Automattic\WooCommerce\Blocks\BlockTypes\AbstractProductGrid->enqueue_data(Array)
#3 C:\xampp\htdocs\earthly\wp-content\plugins\woocommerce\packages\woocommerce-blocks\src\BlockTypes\AbstractBlock.php(85): Automattic\WooCommerce\Blocks\BlockTypes\AbstractBlock->enqueue_assets(Array)
#4 C:\xampp\htdocs\earthly in C:\xampp\htdocs\earthly\wp-content\plugins\woocommerce\packages\woocommerce-blocks\src\RestApi.php on line 64

2022-01-06T18:13:25+00:00 CRITICAL Uncaught Error: Call to undefined method WP_Error::get_data() in C:\xampp\htdocs\earthly\wp-content\plugins\woocommerce\packages\woocommerce-blocks\src\RestApi.php:64
Stack trace:
#0 C:\xampp\htdocs\earthly\wp-content\plugins\woocommerce\packages\woocommerce-blocks\src\BlockTypes\AbstractBlock.php(352): Automattic\WooCommerce\Blocks\RestApi->get_routes_from_namespace('wc/store')
#1 C:\xampp\htdocs\earthly\wp-content\plugins\woocommerce\packages\woocommerce-blocks\src\BlockTypes\AbstractProductGrid.php(617): Automattic\WooCommerce\Blocks\BlockTypes\AbstractBlock->enqueue_data(Array)
#2 C:\xampp\htdocs\earthly\wp-content\plugins\woocommerce\packages\woocommerce-blocks\src\BlockTypes\AbstractBlock.php(323): Automattic\WooCommerce\Blocks\BlockTypes\AbstractProductGrid->enqueue_data(Array)
#3 C:\xampp\htdocs\earthly\wp-content\plugins\woocommerce\packages\woocommerce-blocks\src\BlockTypes\AbstractBlock.php(85): Automattic\WooCommerce\Blocks\BlockTypes\AbstractBlock->enqueue_assets(Array)
#4 C:\xampp\htdocs\earthly in C:\xampp\htdocs\earthly\wp-content\plugins\woocommerce\packages\woocommerce-blocks\src\RestApi.php on line 64

2022-01-06T18:14:20+00:00 CRITICAL Uncaught Error: Call to undefined method WP_Error::get_data() in C:\xampp\htdocs\earthly\wp-content\plugins\woocommerce\packages\woocommerce-blocks\src\RestApi.php:64
Stack trace:
#0 C:\xampp\htdocs\earthly\wp-content\plugins\woocommerce\packages\woocommerce-blocks\src\BlockTypes\AbstractBlock.php(352): Automattic\WooCommerce\Blocks\RestApi->get_routes_from_namespace('wc/store')
#1 C:\xampp\htdocs\earthly\wp-content\plugins\woocommerce\packages\woocommerce-blocks\src\BlockTypes\AbstractProductGrid.php(617): Automattic\WooCommerce\Blocks\BlockTypes\AbstractBlock->enqueue_data(Array)
#2 C:\xampp\htdocs\earthly\wp-content\plugins\woocommerce\packages\woocommerce-blocks\src\BlockTypes\AbstractBlock.php(323): Automattic\WooCommerce\Blocks\BlockTypes\AbstractProductGrid->enqueue_data(Array)
#3 C:\xampp\htdocs\earthly\wp-content\plugins\woocommerce\packages\woocommerce-blocks\src\BlockTypes\AbstractBlock.php(85): Automattic\WooCommerce\Blocks\BlockTypes\AbstractBlock->enqueue_assets(Array)
#4 C:\xampp\htdocs\earthly in C:\xampp\htdocs\earthly\wp-content\plugins\woocommerce\packages\woocommerce-blocks\src\RestApi.php on line 64

2022-01-06T18:14:41+00:00 CRITICAL Uncaught Error: Call to undefined method WP_Error::get_data() in C:\xampp\htdocs\earthly\wp-content\plugins\woocommerce\packages\woocommerce-blocks\src\RestApi.php:64
Stack trace:
#0 C:\xampp\htdocs\earthly\wp-content\plugins\woocommerce\packages\woocommerce-blocks\src\BlockTypes\AbstractBlock.php(352): Automattic\WooCommerce\Blocks\RestApi->get_routes_from_namespace('wc/store')
#1 C:\xampp\htdocs\earthly\wp-content\plugins\woocommerce\packages\woocommerce-blocks\src\BlockTypes\AbstractProductGrid.php(617): Automattic\WooCommerce\Blocks\BlockTypes\AbstractBlock->enqueue_data(Array)
#2 C:\xampp\htdocs\earthly\wp-content\plugins\woocommerce\packages\woocommerce-blocks\src\BlockTypes\AbstractBlock.php(323): Automattic\WooCommerce\Blocks\BlockTypes\AbstractProductGrid->enqueue_data(Array)
#3 C:\xampp\htdocs\earthly\wp-content\plugins\woocommerce\packages\woocommerce-blocks\src\BlockTypes\AbstractBlock.php(85): Automattic\WooCommerce\Blocks\BlockTypes\AbstractBlock->enqueue_assets(Array)
#4 C:\xampp\htdocs\earthly in C:\xampp\htdocs\earthly\wp-content\plugins\woocommerce\packages\woocommerce-blocks\src\RestApi.php on line 64

2022-01-06T18:15:26+00:00 CRITICAL Uncaught Error: Call to undefined method WP_Error::get_data() in C:\xampp\htdocs\earthly\wp-content\plugins\woocommerce\packages\woocommerce-blocks\src\RestApi.php:64
Stack trace:
#0 C:\xampp\htdocs\earthly\wp-content\plugins\woocommerce\packages\woocommerce-blocks\src\BlockTypes\AbstractBlock.php(352): Automattic\WooCommerce\Blocks\RestApi->get_routes_from_namespace('wc/store')
#1 C:\xampp\htdocs\earthly\wp-content\plugins\woocommerce\packages\woocommerce-blocks\src\BlockTypes\AbstractProductGrid.php(617): Automattic\WooCommerce\Blocks\BlockTypes\AbstractBlock->enqueue_data(Array)
#2 C:\xampp\htdocs\earthly\wp-content\plugins\woocommerce\packages\woocommerce-blocks\src\BlockTypes\AbstractBlock.php(323): Automattic\WooCommerce\Blocks\BlockTypes\AbstractProductGrid->enqueue_data(Array)
#3 C:\xampp\htdocs\earthly\wp-content\plugins\woocommerce\packages\woocommerce-blocks\src\BlockTypes\AbstractBlock.php(85): Automattic\WooCommerce\Blocks\BlockTypes\AbstractBlock->enqueue_assets(Array)
#4 C:\xampp\htdocs\earthly in C:\xampp\htdocs\earthly\wp-content\plugins\woocommerce\packages\woocommerce-blocks\src\RestApi.php on line 64

