2022-01-24T05:08:24+00:00 CRITICAL Maximum execution time of 120 seconds exceeded in C:\xampp\htdocs\earthly\wp-content\plugins\woocommerce\packages\action-scheduler\classes\abstracts\ActionScheduler.php on line 10

2022-01-24T05:08:29+00:00 CRITICAL Maximum execution time of 120 seconds exceeded in C:\xampp\htdocs\earthly\wp-content\plugins\woocommerce\packages\woocommerce-blocks\src\StoreApi\Schemas\CartExtensionsSchema.php on line 12

2022-01-24T10:43:27+00:00 CRITICAL Uncaught ArgumentCountError: Too few arguments to function Elementor\woolentor_render_icon(), 3 passed in C:\xampp\htdocs\earthly\wp-content\plugins\woolentor-addons\includes\addons\wl_faq.php on line 907 and exactly 5 expected in C:\xampp\htdocs\earthly\wp-content\plugins\woolentor-addons\classes\class.icon-manager.php:60
Stack trace:
#0 C:\xampp\htdocs\earthly\wp-content\plugins\woolentor-addons\includes\addons\wl_faq.php(907): Elementor\woolentor_render_icon(Array, 'indopen_icon', 'indopenicon')
#1 C:\xampp\htdocs\earthly\wp-content\plugins\elementor\includes\base\controls-stack.php(2172): Elementor\WL_Faq_Element->render()
#2 C:\xampp\htdocs\earthly\wp-content\plugins\elementor\includes\base\widget-base.php(584): Elementor\Controls_Stack->render_by_mode()
#3 C:\xampp\htdocs\earthly\wp-content\plugins\elementor\core\base\document.php(282): Elementor\Widget_Base->render_content()
#4 C:\xampp\htdocs\earthly\wp-content\plugins\elementor\includes\managers\widgets.php(390): Elementor\Core\Base\Document->render_ in C:\xampp\htdocs\earthly\wp-content\plugins\woolentor-addons\classes\class.icon-manager.php on line 60

2022-01-24T10:43:37+00:00 CRITICAL Uncaught ArgumentCountError: Too few arguments to function Elementor\woolentor_render_icon(), 3 passed in C:\xampp\htdocs\earthly\wp-content\plugins\woolentor-addons\includes\addons\wl_faq.php on line 907 and exactly 5 expected in C:\xampp\htdocs\earthly\wp-content\plugins\woolentor-addons\classes\class.icon-manager.php:60
Stack trace:
#0 C:\xampp\htdocs\earthly\wp-content\plugins\woolentor-addons\includes\addons\wl_faq.php(907): Elementor\woolentor_render_icon(Array, 'indopen_icon', 'indopenicon')
#1 C:\xampp\htdocs\earthly\wp-content\plugins\elementor\includes\base\controls-stack.php(2172): Elementor\WL_Faq_Element->render()
#2 C:\xampp\htdocs\earthly\wp-content\plugins\elementor\includes\base\widget-base.php(584): Elementor\Controls_Stack->render_by_mode()
#3 C:\xampp\htdocs\earthly\wp-content\plugins\elementor\core\base\document.php(282): Elementor\Widget_Base->render_content()
#4 C:\xampp\htdocs\earthly\wp-content\plugins\elementor\includes\managers\widgets.php(390): Elementor\Core\Base\Document->render_ in C:\xampp\htdocs\earthly\wp-content\plugins\woolentor-addons\classes\class.icon-manager.php on line 60

2022-01-24T10:44:29+00:00 CRITICAL Uncaught ArgumentCountError: Too few arguments to function Elementor\woolentor_render_icon(), 3 passed in C:\xampp\htdocs\earthly\wp-content\plugins\woolentor-addons\includes\addons\wl_faq.php on line 907 and exactly 5 expected in C:\xampp\htdocs\earthly\wp-content\plugins\woolentor-addons\classes\class.icon-manager.php:60
Stack trace:
#0 C:\xampp\htdocs\earthly\wp-content\plugins\woolentor-addons\includes\addons\wl_faq.php(907): Elementor\woolentor_render_icon(Array, 'indopen_icon', 'indopenicon')
#1 C:\xampp\htdocs\earthly\wp-content\plugins\elementor\includes\base\controls-stack.php(2172): Elementor\WL_Faq_Element->render()
#2 C:\xampp\htdocs\earthly\wp-content\plugins\elementor\includes\base\widget-base.php(584): Elementor\Controls_Stack->render_by_mode()
#3 C:\xampp\htdocs\earthly\wp-content\plugins\elementor\core\base\document.php(282): Elementor\Widget_Base->render_content()
#4 C:\xampp\htdocs\earthly\wp-content\plugins\elementor\includes\managers\widgets.php(390): Elementor\Core\Base\Document->render_ in C:\xampp\htdocs\earthly\wp-content\plugins\woolentor-addons\classes\class.icon-manager.php on line 60

2022-01-24T10:44:31+00:00 CRITICAL Uncaught ArgumentCountError: Too few arguments to function Elementor\woolentor_render_icon(), 3 passed in C:\xampp\htdocs\earthly\wp-content\plugins\woolentor-addons\includes\addons\wl_faq.php on line 907 and exactly 5 expected in C:\xampp\htdocs\earthly\wp-content\plugins\woolentor-addons\classes\class.icon-manager.php:60
Stack trace:
#0 C:\xampp\htdocs\earthly\wp-content\plugins\woolentor-addons\includes\addons\wl_faq.php(907): Elementor\woolentor_render_icon(Array, 'indopen_icon', 'indopenicon')
#1 C:\xampp\htdocs\earthly\wp-content\plugins\elementor\includes\base\controls-stack.php(2172): Elementor\WL_Faq_Element->render()
#2 C:\xampp\htdocs\earthly\wp-content\plugins\elementor\includes\base\widget-base.php(584): Elementor\Controls_Stack->render_by_mode()
#3 C:\xampp\htdocs\earthly\wp-content\plugins\elementor\includes\base\widget-base.php(648): Elementor\Widget_Base->render_content()
#4 C:\xampp\htdocs\earthly\wp-content\plugins\elementor\includes\db.php(202): Elementor\Widget_Base->render_plain_content( in C:\xampp\htdocs\earthly\wp-content\plugins\woolentor-addons\classes\class.icon-manager.php on line 60

2022-01-24T10:44:34+00:00 CRITICAL Uncaught ArgumentCountError: Too few arguments to function Elementor\woolentor_render_icon(), 3 passed in C:\xampp\htdocs\earthly\wp-content\plugins\woolentor-addons\includes\addons\wl_faq.php on line 907 and exactly 5 expected in C:\xampp\htdocs\earthly\wp-content\plugins\woolentor-addons\classes\class.icon-manager.php:60
Stack trace:
#0 C:\xampp\htdocs\earthly\wp-content\plugins\woolentor-addons\includes\addons\wl_faq.php(907): Elementor\woolentor_render_icon(Array, 'indopen_icon', 'indopenicon')
#1 C:\xampp\htdocs\earthly\wp-content\plugins\elementor\includes\base\controls-stack.php(2172): Elementor\WL_Faq_Element->render()
#2 C:\xampp\htdocs\earthly\wp-content\plugins\elementor\includes\base\widget-base.php(584): Elementor\Controls_Stack->render_by_mode()
#3 C:\xampp\htdocs\earthly\wp-content\plugins\elementor\core\base\document.php(282): Elementor\Widget_Base->render_content()
#4 C:\xampp\htdocs\earthly\wp-content\plugins\elementor\includes\managers\widgets.php(390): Elementor\Core\Base\Document->render_ in C:\xampp\htdocs\earthly\wp-content\plugins\woolentor-addons\classes\class.icon-manager.php on line 60

2022-01-24T10:44:34+00:00 CRITICAL Uncaught ArgumentCountError: Too few arguments to function Elementor\woolentor_render_icon(), 3 passed in C:\xampp\htdocs\earthly\wp-content\plugins\woolentor-addons\includes\addons\wl_faq.php on line 907 and exactly 5 expected in C:\xampp\htdocs\earthly\wp-content\plugins\woolentor-addons\classes\class.icon-manager.php:60
Stack trace:
#0 C:\xampp\htdocs\earthly\wp-content\plugins\woolentor-addons\includes\addons\wl_faq.php(907): Elementor\woolentor_render_icon(Array, 'indopen_icon', 'indopenicon')
#1 C:\xampp\htdocs\earthly\wp-content\plugins\elementor\includes\base\controls-stack.php(2172): Elementor\WL_Faq_Element->render()
#2 C:\xampp\htdocs\earthly\wp-content\plugins\elementor\includes\base\widget-base.php(584): Elementor\Controls_Stack->render_by_mode()
#3 C:\xampp\htdocs\earthly\wp-content\plugins\elementor\core\base\document.php(282): Elementor\Widget_Base->render_content()
#4 C:\xampp\htdocs\earthly\wp-content\plugins\elementor\includes\managers\widgets.php(390): Elementor\Core\Base\Document->render_ in C:\xampp\htdocs\earthly\wp-content\plugins\woolentor-addons\classes\class.icon-manager.php on line 60

2022-01-24T10:44:45+00:00 CRITICAL Uncaught ArgumentCountError: Too few arguments to function Elementor\woolentor_render_icon(), 3 passed in C:\xampp\htdocs\earthly\wp-content\plugins\woolentor-addons\includes\addons\wl_faq.php on line 907 and exactly 5 expected in C:\xampp\htdocs\earthly\wp-content\plugins\woolentor-addons\classes\class.icon-manager.php:60
Stack trace:
#0 C:\xampp\htdocs\earthly\wp-content\plugins\woolentor-addons\includes\addons\wl_faq.php(907): Elementor\woolentor_render_icon(Array, 'indopen_icon', 'indopenicon')
#1 C:\xampp\htdocs\earthly\wp-content\plugins\elementor\includes\base\controls-stack.php(2172): Elementor\WL_Faq_Element->render()
#2 C:\xampp\htdocs\earthly\wp-content\plugins\elementor\includes\base\widget-base.php(584): Elementor\Controls_Stack->render_by_mode()
#3 C:\xampp\htdocs\earthly\wp-content\plugins\elementor\core\base\document.php(282): Elementor\Widget_Base->render_content()
#4 C:\xampp\htdocs\earthly\wp-content\plugins\elementor\includes\managers\widgets.php(390): Elementor\Core\Base\Document->render_ in C:\xampp\htdocs\earthly\wp-content\plugins\woolentor-addons\classes\class.icon-manager.php on line 60

2022-01-24T10:44:53+00:00 CRITICAL Uncaught ArgumentCountError: Too few arguments to function Elementor\woolentor_render_icon(), 3 passed in C:\xampp\htdocs\earthly\wp-content\plugins\woolentor-addons\includes\addons\wl_faq.php on line 907 and exactly 5 expected in C:\xampp\htdocs\earthly\wp-content\plugins\woolentor-addons\classes\class.icon-manager.php:60
Stack trace:
#0 C:\xampp\htdocs\earthly\wp-content\plugins\woolentor-addons\includes\addons\wl_faq.php(907): Elementor\woolentor_render_icon(Array, 'indopen_icon', 'indopenicon')
#1 C:\xampp\htdocs\earthly\wp-content\plugins\elementor\includes\base\controls-stack.php(2172): Elementor\WL_Faq_Element->render()
#2 C:\xampp\htdocs\earthly\wp-content\plugins\elementor\includes\base\widget-base.php(584): Elementor\Controls_Stack->render_by_mode()
#3 C:\xampp\htdocs\earthly\wp-content\plugins\elementor\core\base\document.php(282): Elementor\Widget_Base->render_content()
#4 C:\xampp\htdocs\earthly\wp-content\plugins\elementor\includes\managers\widgets.php(390): Elementor\Core\Base\Document->render_ in C:\xampp\htdocs\earthly\wp-content\plugins\woolentor-addons\classes\class.icon-manager.php on line 60

2022-01-24T10:45:04+00:00 CRITICAL Uncaught ArgumentCountError: Too few arguments to function Elementor\woolentor_render_icon(), 3 passed in C:\xampp\htdocs\earthly\wp-content\plugins\woolentor-addons\includes\addons\wl_faq.php on line 907 and exactly 5 expected in C:\xampp\htdocs\earthly\wp-content\plugins\woolentor-addons\classes\class.icon-manager.php:60
Stack trace:
#0 C:\xampp\htdocs\earthly\wp-content\plugins\woolentor-addons\includes\addons\wl_faq.php(907): Elementor\woolentor_render_icon(Array, 'indopen_icon', 'indopenicon')
#1 C:\xampp\htdocs\earthly\wp-content\plugins\elementor\includes\base\controls-stack.php(2172): Elementor\WL_Faq_Element->render()
#2 C:\xampp\htdocs\earthly\wp-content\plugins\elementor\includes\base\widget-base.php(584): Elementor\Controls_Stack->render_by_mode()
#3 C:\xampp\htdocs\earthly\wp-content\plugins\elementor\core\base\document.php(282): Elementor\Widget_Base->render_content()
#4 C:\xampp\htdocs\earthly\wp-content\plugins\elementor\includes\managers\widgets.php(390): Elementor\Core\Base\Document->render_ in C:\xampp\htdocs\earthly\wp-content\plugins\woolentor-addons\classes\class.icon-manager.php on line 60

2022-01-24T10:45:35+00:00 CRITICAL Uncaught ArgumentCountError: Too few arguments to function Elementor\woolentor_render_icon(), 3 passed in C:\xampp\htdocs\earthly\wp-content\plugins\woolentor-addons\includes\addons\wl_faq.php on line 907 and exactly 5 expected in C:\xampp\htdocs\earthly\wp-content\plugins\woolentor-addons\classes\class.icon-manager.php:60
Stack trace:
#0 C:\xampp\htdocs\earthly\wp-content\plugins\woolentor-addons\includes\addons\wl_faq.php(907): Elementor\woolentor_render_icon(Array, 'indopen_icon', 'indopenicon')
#1 C:\xampp\htdocs\earthly\wp-content\plugins\elementor\includes\base\controls-stack.php(2172): Elementor\WL_Faq_Element->render()
#2 C:\xampp\htdocs\earthly\wp-content\plugins\elementor\includes\base\widget-base.php(584): Elementor\Controls_Stack->render_by_mode()
#3 C:\xampp\htdocs\earthly\wp-content\plugins\elementor\includes\base\widget-base.php(648): Elementor\Widget_Base->render_content()
#4 C:\xampp\htdocs\earthly\wp-content\plugins\elementor\includes\db.php(202): Elementor\Widget_Base->render_plain_content( in C:\xampp\htdocs\earthly\wp-content\plugins\woolentor-addons\classes\class.icon-manager.php on line 60

2022-01-24T10:45:53+00:00 CRITICAL Uncaught ArgumentCountError: Too few arguments to function Elementor\woolentor_render_icon(), 3 passed in C:\xampp\htdocs\earthly\wp-content\plugins\woolentor-addons\includes\addons\wl_faq.php on line 907 and exactly 5 expected in C:\xampp\htdocs\earthly\wp-content\plugins\woolentor-addons\classes\class.icon-manager.php:60
Stack trace:
#0 C:\xampp\htdocs\earthly\wp-content\plugins\woolentor-addons\includes\addons\wl_faq.php(907): Elementor\woolentor_render_icon(Array, 'indopen_icon', 'indopenicon')
#1 C:\xampp\htdocs\earthly\wp-content\plugins\elementor\includes\base\controls-stack.php(2172): Elementor\WL_Faq_Element->render()
#2 C:\xampp\htdocs\earthly\wp-content\plugins\elementor\includes\base\widget-base.php(584): Elementor\Controls_Stack->render_by_mode()
#3 C:\xampp\htdocs\earthly\wp-content\plugins\elementor\includes\base\widget-base.php(725): Elementor\Widget_Base->render_content()
#4 C:\xampp\htdocs\earthly\wp-content\plugins\elementor\includes\base\element-base.php(447): Elementor\Widget_Base->print_ in C:\xampp\htdocs\earthly\wp-content\plugins\woolentor-addons\classes\class.icon-manager.php on line 60

2022-01-24T10:46:03+00:00 CRITICAL Uncaught ArgumentCountError: Too few arguments to function Elementor\woolentor_render_icon(), 3 passed in C:\xampp\htdocs\earthly\wp-content\plugins\woolentor-addons\includes\addons\wl_faq.php on line 907 and exactly 5 expected in C:\xampp\htdocs\earthly\wp-content\plugins\woolentor-addons\classes\class.icon-manager.php:60
Stack trace:
#0 C:\xampp\htdocs\earthly\wp-content\plugins\woolentor-addons\includes\addons\wl_faq.php(907): Elementor\woolentor_render_icon(Array, 'indopen_icon', 'indopenicon')
#1 C:\xampp\htdocs\earthly\wp-content\plugins\elementor\includes\base\controls-stack.php(2172): Elementor\WL_Faq_Element->render()
#2 C:\xampp\htdocs\earthly\wp-content\plugins\elementor\includes\base\widget-base.php(584): Elementor\Controls_Stack->render_by_mode()
#3 C:\xampp\htdocs\earthly\wp-content\plugins\elementor\includes\base\widget-base.php(708): Elementor\Widget_Base->render_content()
#4 C:\xampp\htdocs\earthly\wp-content\plugins\elementor\includes\base\element-base.php(534): Elementor\Widget_Base->get_ra in C:\xampp\htdocs\earthly\wp-content\plugins\woolentor-addons\classes\class.icon-manager.php on line 60

2022-01-24T15:30:22+00:00 CRITICAL require(): Failed opening required 'C:\xampp\htdocs\earthly\wp-content\plugins\woolentor-addons/includes/helper-function.php' (include_path='C:\xampp\php\PEAR') in C:\xampp\htdocs\earthly\wp-content\plugins\woolentor-addons\includes\base.php on line 356

2022-01-24T15:31:05+00:00 CRITICAL Uncaught Error: Class 'Elementor\Elementor\Core\Files\Assets\Svg\Svg_Handler' not found in C:\xampp\htdocs\earthly\wp-content\plugins\woolentor-addons\classes\class.icon-manager.php:80
Stack trace:
#0 C:\xampp\htdocs\earthly\wp-content\plugins\woolentor-addons\includes\addons\wl_faq.php(889): Elementor\woolentor_render_icon(Array, 'open_icon', 'openicon')
#1 C:\xampp\htdocs\earthly\wp-content\plugins\elementor\includes\base\controls-stack.php(2172): Elementor\WL_Faq_Element->render()
#2 C:\xampp\htdocs\earthly\wp-content\plugins\elementor\includes\base\widget-base.php(584): Elementor\Controls_Stack->render_by_mode()
#3 C:\xampp\htdocs\earthly\wp-content\plugins\elementor\includes\base\widget-base.php(648): Elementor\Widget_Base->render_content()
#4 C:\xampp\htdocs\earthly\wp-content\plugins\elementor\includes\db.php(202): Elementor\Widget_Base->render_plain_content()
#5 C:\xampp\htdocs\earthly\wp-content\plugins\elementor\includes\db.php(208): Elementor\DB->render_element_plain_content(Array)
#6 C:\xampp\htdo in C:\xampp\htdocs\earthly\wp-content\plugins\woolentor-addons\classes\class.icon-manager.php on line 80

2022-01-24T15:35:19+00:00 CRITICAL Uncaught Error: Class 'Elementor\Elementor\Core\Files\Assets\Svg\Svg_Handler' not found in C:\xampp\htdocs\earthly\wp-content\plugins\woolentor-addons\classes\class.icon-manager.php:80
Stack trace:
#0 C:\xampp\htdocs\earthly\wp-content\plugins\woolentor-addons\includes\addons\wl_faq.php(889): Elementor\woolentor_render_icon(Array, 'open_icon', 'openicon')
#1 C:\xampp\htdocs\earthly\wp-content\plugins\elementor\includes\base\controls-stack.php(2172): Elementor\WL_Faq_Element->render()
#2 C:\xampp\htdocs\earthly\wp-content\plugins\elementor\includes\base\widget-base.php(584): Elementor\Controls_Stack->render_by_mode()
#3 C:\xampp\htdocs\earthly\wp-content\plugins\elementor\includes\base\widget-base.php(648): Elementor\Widget_Base->render_content()
#4 C:\xampp\htdocs\earthly\wp-content\plugins\elementor\includes\db.php(202): Elementor\Widget_Base->render_plain_content()
#5 C:\xampp\htdocs\earthly\wp-content\plugins\elementor\includes\db.php(208): Elementor\DB->render_element_plain_content(Array)
#6 C:\xampp\htdo in C:\xampp\htdocs\earthly\wp-content\plugins\woolentor-addons\classes\class.icon-manager.php on line 80

2022-01-24T15:35:27+00:00 CRITICAL Uncaught Error: Class 'Elementor\Elementor\Core\Files\Assets\Svg\Svg_Handler' not found in C:\xampp\htdocs\earthly\wp-content\plugins\woolentor-addons\classes\class.icon-manager.php:80
Stack trace:
#0 C:\xampp\htdocs\earthly\wp-content\plugins\woolentor-addons\includes\addons\wl_faq.php(889): Elementor\woolentor_render_icon(Array, 'open_icon', 'openicon')
#1 C:\xampp\htdocs\earthly\wp-content\plugins\elementor\includes\base\controls-stack.php(2172): Elementor\WL_Faq_Element->render()
#2 C:\xampp\htdocs\earthly\wp-content\plugins\elementor\includes\base\widget-base.php(584): Elementor\Controls_Stack->render_by_mode()
#3 C:\xampp\htdocs\earthly\wp-content\plugins\elementor\includes\base\widget-base.php(725): Elementor\Widget_Base->render_content()
#4 C:\xampp\htdocs\earthly\wp-content\plugins\elementor\includes\base\element-base.php(447): Elementor\Widget_Base->print_content()
#5 C:\xampp\htdocs\earthly\wp-content\plugins\elementor\includes\base\element-base.php(741): Elementor\Element_Base->print_element()
#6  in C:\xampp\htdocs\earthly\wp-content\plugins\woolentor-addons\classes\class.icon-manager.php on line 80

2022-01-24T15:35:46+00:00 CRITICAL Uncaught Error: Class 'Elementor\Elementor\Core\Files\Assets\Svg\Svg_Handler' not found in C:\xampp\htdocs\earthly\wp-content\plugins\woolentor-addons\classes\class.icon-manager.php:80
Stack trace:
#0 C:\xampp\htdocs\earthly\wp-content\plugins\woolentor-addons\includes\addons\wl_faq.php(889): Elementor\woolentor_render_icon(Array, 'open_icon', 'openicon')
#1 C:\xampp\htdocs\earthly\wp-content\plugins\elementor\includes\base\controls-stack.php(2172): Elementor\WL_Faq_Element->render()
#2 C:\xampp\htdocs\earthly\wp-content\plugins\elementor\includes\base\widget-base.php(584): Elementor\Controls_Stack->render_by_mode()
#3 C:\xampp\htdocs\earthly\wp-content\plugins\elementor\includes\base\widget-base.php(648): Elementor\Widget_Base->render_content()
#4 C:\xampp\htdocs\earthly\wp-content\plugins\elementor\includes\db.php(202): Elementor\Widget_Base->render_plain_content()
#5 C:\xampp\htdocs\earthly\wp-content\plugins\elementor\includes\db.php(208): Elementor\DB->render_element_plain_content(Array)
#6 C:\xampp\htdo in C:\xampp\htdocs\earthly\wp-content\plugins\woolentor-addons\classes\class.icon-manager.php on line 80

2022-01-24T15:36:52+00:00 CRITICAL Uncaught Error: Class 'Elementor\Elementor\Core\Files\Assets\Svg\Svg_Handler' not found in C:\xampp\htdocs\earthly\wp-content\plugins\woolentor-addons\classes\class.icon-manager.php:80
Stack trace:
#0 C:\xampp\htdocs\earthly\wp-content\plugins\woolentor-addons\includes\addons\wl_faq.php(889): Elementor\woolentor_render_icon(Array, 'open_icon', 'openicon')
#1 C:\xampp\htdocs\earthly\wp-content\plugins\elementor\includes\base\controls-stack.php(2172): Elementor\WL_Faq_Element->render()
#2 C:\xampp\htdocs\earthly\wp-content\plugins\elementor\includes\base\widget-base.php(584): Elementor\Controls_Stack->render_by_mode()
#3 C:\xampp\htdocs\earthly\wp-content\plugins\elementor\includes\base\widget-base.php(648): Elementor\Widget_Base->render_content()
#4 C:\xampp\htdocs\earthly\wp-content\plugins\elementor\includes\db.php(202): Elementor\Widget_Base->render_plain_content()
#5 C:\xampp\htdocs\earthly\wp-content\plugins\elementor\includes\db.php(208): Elementor\DB->render_element_plain_content(Array)
#6 C:\xampp\htdo in C:\xampp\htdocs\earthly\wp-content\plugins\woolentor-addons\classes\class.icon-manager.php on line 80

2022-01-24T15:38:11+00:00 CRITICAL Uncaught Error: Class 'Elementor\Elementor\Core\Files\Assets\Svg\Svg_Handler' not found in C:\xampp\htdocs\earthly\wp-content\plugins\woolentor-addons\classes\class.icon-manager.php:80
Stack trace:
#0 C:\xampp\htdocs\earthly\wp-content\plugins\woolentor-addons\includes\addons\wl_faq.php(889): Elementor\woolentor_render_icon(Array, 'open_icon', 'openicon')
#1 C:\xampp\htdocs\earthly\wp-content\plugins\elementor\includes\base\controls-stack.php(2172): Elementor\WL_Faq_Element->render()
#2 C:\xampp\htdocs\earthly\wp-content\plugins\elementor\includes\base\widget-base.php(584): Elementor\Controls_Stack->render_by_mode()
#3 C:\xampp\htdocs\earthly\wp-content\plugins\elementor\includes\base\widget-base.php(648): Elementor\Widget_Base->render_content()
#4 C:\xampp\htdocs\earthly\wp-content\plugins\elementor\includes\db.php(202): Elementor\Widget_Base->render_plain_content()
#5 C:\xampp\htdocs\earthly\wp-content\plugins\elementor\includes\db.php(208): Elementor\DB->render_element_plain_content(Array)
#6 C:\xampp\htdo in C:\xampp\htdocs\earthly\wp-content\plugins\woolentor-addons\classes\class.icon-manager.php on line 80

2022-01-24T15:38:17+00:00 CRITICAL Uncaught Error: Class 'Elementor\Elementor\Core\Files\Assets\Svg\Svg_Handler' not found in C:\xampp\htdocs\earthly\wp-content\plugins\woolentor-addons\classes\class.icon-manager.php:80
Stack trace:
#0 C:\xampp\htdocs\earthly\wp-content\plugins\woolentor-addons\includes\addons\wl_faq.php(889): Elementor\woolentor_render_icon(Array, 'open_icon', 'openicon')
#1 C:\xampp\htdocs\earthly\wp-content\plugins\elementor\includes\base\controls-stack.php(2172): Elementor\WL_Faq_Element->render()
#2 C:\xampp\htdocs\earthly\wp-content\plugins\elementor\includes\base\widget-base.php(584): Elementor\Controls_Stack->render_by_mode()
#3 C:\xampp\htdocs\earthly\wp-content\plugins\elementor\includes\base\widget-base.php(725): Elementor\Widget_Base->render_content()
#4 C:\xampp\htdocs\earthly\wp-content\plugins\elementor\includes\base\element-base.php(447): Elementor\Widget_Base->print_content()
#5 C:\xampp\htdocs\earthly\wp-content\plugins\elementor\includes\base\element-base.php(741): Elementor\Element_Base->print_element()
#6  in C:\xampp\htdocs\earthly\wp-content\plugins\woolentor-addons\classes\class.icon-manager.php on line 80

2022-01-24T15:38:26+00:00 CRITICAL Uncaught Error: Class 'Elementor\Elementor\Core\Files\Assets\Svg\Svg_Handler' not found in C:\xampp\htdocs\earthly\wp-content\plugins\woolentor-addons\classes\class.icon-manager.php:80
Stack trace:
#0 C:\xampp\htdocs\earthly\wp-content\plugins\woolentor-addons\includes\addons\wl_faq.php(889): Elementor\woolentor_render_icon(Array, 'open_icon', 'openicon')
#1 C:\xampp\htdocs\earthly\wp-content\plugins\elementor\includes\base\controls-stack.php(2172): Elementor\WL_Faq_Element->render()
#2 C:\xampp\htdocs\earthly\wp-content\plugins\elementor\includes\base\widget-base.php(584): Elementor\Controls_Stack->render_by_mode()
#3 C:\xampp\htdocs\earthly\wp-content\plugins\elementor\includes\base\widget-base.php(648): Elementor\Widget_Base->render_content()
#4 C:\xampp\htdocs\earthly\wp-content\plugins\elementor\includes\db.php(202): Elementor\Widget_Base->render_plain_content()
#5 C:\xampp\htdocs\earthly\wp-content\plugins\elementor\includes\db.php(208): Elementor\DB->render_element_plain_content(Array)
#6 C:\xampp\htdo in C:\xampp\htdocs\earthly\wp-content\plugins\woolentor-addons\classes\class.icon-manager.php on line 80

2022-01-24T15:47:50+00:00 CRITICAL Uncaught Error: Class 'Elementor\Elementor\Core\Files\Assets\Svg\Svg_Handler' not found in C:\xampp\htdocs\earthly\wp-content\plugins\woolentor-addons\classes\class.icon-manager.php:80
Stack trace:
#0 C:\xampp\htdocs\earthly\wp-content\plugins\woolentor-addons\includes\addons\wl_faq.php(889): Elementor\woolentor_render_icon(Array, 'open_icon', 'openicon')
#1 C:\xampp\htdocs\earthly\wp-content\plugins\elementor\includes\base\controls-stack.php(2172): Elementor\WL_Faq_Element->render()
#2 C:\xampp\htdocs\earthly\wp-content\plugins\elementor\includes\base\widget-base.php(584): Elementor\Controls_Stack->render_by_mode()
#3 C:\xampp\htdocs\earthly\wp-content\plugins\elementor\includes\base\widget-base.php(725): Elementor\Widget_Base->render_content()
#4 C:\xampp\htdocs\earthly\wp-content\plugins\elementor\includes\base\element-base.php(447): Elementor\Widget_Base->print_content()
#5 C:\xampp\htdocs\earthly\wp-content\plugins\elementor\includes\base\element-base.php(741): Elementor\Element_Base->print_element()
#6  in C:\xampp\htdocs\earthly\wp-content\plugins\woolentor-addons\classes\class.icon-manager.php on line 80

2022-01-24T15:48:13+00:00 CRITICAL Uncaught Error: Class 'Elementor\Elementor\Core\Files\Assets\Svg\Svg_Handler' not found in C:\xampp\htdocs\earthly\wp-content\plugins\woolentor-addons\classes\class.icon-manager.php:80
Stack trace:
#0 C:\xampp\htdocs\earthly\wp-content\plugins\woolentor-addons\includes\addons\wl_faq.php(889): Elementor\woolentor_render_icon(Array, 'open_icon', 'openicon')
#1 C:\xampp\htdocs\earthly\wp-content\plugins\elementor\includes\base\controls-stack.php(2172): Elementor\WL_Faq_Element->render()
#2 C:\xampp\htdocs\earthly\wp-content\plugins\elementor\includes\base\widget-base.php(584): Elementor\Controls_Stack->render_by_mode()
#3 C:\xampp\htdocs\earthly\wp-content\plugins\elementor\includes\base\widget-base.php(648): Elementor\Widget_Base->render_content()
#4 C:\xampp\htdocs\earthly\wp-content\plugins\elementor\includes\db.php(202): Elementor\Widget_Base->render_plain_content()
#5 C:\xampp\htdocs\earthly\wp-content\plugins\elementor\includes\db.php(208): Elementor\DB->render_element_plain_content(Array)
#6 C:\xampp\htdo in C:\xampp\htdocs\earthly\wp-content\plugins\woolentor-addons\classes\class.icon-manager.php on line 80

2022-01-24T15:48:52+00:00 CRITICAL Uncaught Error: Class 'Elementor\Elementor\Core\Files\Assets\Svg\Svg_Handler' not found in C:\xampp\htdocs\earthly\wp-content\plugins\woolentor-addons\classes\class.icon-manager.php:80
Stack trace:
#0 C:\xampp\htdocs\earthly\wp-content\plugins\woolentor-addons\includes\addons\wl_faq.php(889): Elementor\woolentor_render_icon(Array, 'open_icon', 'openicon')
#1 C:\xampp\htdocs\earthly\wp-content\plugins\elementor\includes\base\controls-stack.php(2172): Elementor\WL_Faq_Element->render()
#2 C:\xampp\htdocs\earthly\wp-content\plugins\elementor\includes\base\widget-base.php(584): Elementor\Controls_Stack->render_by_mode()
#3 C:\xampp\htdocs\earthly\wp-content\plugins\elementor\includes\base\widget-base.php(725): Elementor\Widget_Base->render_content()
#4 C:\xampp\htdocs\earthly\wp-content\plugins\elementor\includes\base\element-base.php(447): Elementor\Widget_Base->print_content()
#5 C:\xampp\htdocs\earthly\wp-content\plugins\elementor\includes\base\element-base.php(741): Elementor\Element_Base->print_element()
#6  in C:\xampp\htdocs\earthly\wp-content\plugins\woolentor-addons\classes\class.icon-manager.php on line 80

2022-01-24T15:48:52+00:00 CRITICAL Uncaught Error: Class 'Elementor\Elementor\Core\Files\Assets\Svg\Svg_Handler' not found in C:\xampp\htdocs\earthly\wp-content\plugins\woolentor-addons\classes\class.icon-manager.php:80
Stack trace:
#0 C:\xampp\htdocs\earthly\wp-content\plugins\woolentor-addons\includes\addons\wl_faq.php(889): Elementor\woolentor_render_icon(Array, 'open_icon', 'openicon')
#1 C:\xampp\htdocs\earthly\wp-content\plugins\elementor\includes\base\controls-stack.php(2172): Elementor\WL_Faq_Element->render()
#2 C:\xampp\htdocs\earthly\wp-content\plugins\elementor\includes\base\widget-base.php(584): Elementor\Controls_Stack->render_by_mode()
#3 C:\xampp\htdocs\earthly\wp-content\plugins\elementor\includes\base\widget-base.php(725): Elementor\Widget_Base->render_content()
#4 C:\xampp\htdocs\earthly\wp-content\plugins\elementor\includes\base\element-base.php(447): Elementor\Widget_Base->print_content()
#5 C:\xampp\htdocs\earthly\wp-content\plugins\elementor\includes\base\element-base.php(741): Elementor\Element_Base->print_element()
#6  in C:\xampp\htdocs\earthly\wp-content\plugins\woolentor-addons\classes\class.icon-manager.php on line 80

2022-01-24T15:49:23+00:00 CRITICAL Uncaught Error: Class 'Elementor\Elementor\Core\Files\Assets\Svg\Svg_Handler' not found in C:\xampp\htdocs\earthly\wp-content\plugins\woolentor-addons\classes\class.icon-manager.php:80
Stack trace:
#0 C:\xampp\htdocs\earthly\wp-content\plugins\woolentor-addons\includes\addons\wl_faq.php(889): Elementor\woolentor_render_icon(Array, 'open_icon', 'openicon')
#1 C:\xampp\htdocs\earthly\wp-content\plugins\elementor\includes\base\controls-stack.php(2172): Elementor\WL_Faq_Element->render()
#2 C:\xampp\htdocs\earthly\wp-content\plugins\elementor\includes\base\widget-base.php(584): Elementor\Controls_Stack->render_by_mode()
#3 C:\xampp\htdocs\earthly\wp-content\plugins\elementor\includes\base\widget-base.php(725): Elementor\Widget_Base->render_content()
#4 C:\xampp\htdocs\earthly\wp-content\plugins\elementor\includes\base\element-base.php(447): Elementor\Widget_Base->print_content()
#5 C:\xampp\htdocs\earthly\wp-content\plugins\elementor\includes\base\element-base.php(741): Elementor\Element_Base->print_element()
#6  in C:\xampp\htdocs\earthly\wp-content\plugins\woolentor-addons\classes\class.icon-manager.php on line 80

2022-01-24T16:01:12+00:00 CRITICAL Uncaught Error: Class 'Elementor\Elementor\Core\Files\Assets\Svg\Svg_Handler' not found in C:\xampp\htdocs\earthly\wp-content\plugins\woolentor-addons\classes\class.icon-manager.php:80
Stack trace:
#0 C:\xampp\htdocs\earthly\wp-content\plugins\woolentor-addons\includes\addons\wl_faq.php(889): Elementor\woolentor_render_icon(Array, 'open_icon', 'openicon')
#1 C:\xampp\htdocs\earthly\wp-content\plugins\elementor\includes\base\controls-stack.php(2172): Elementor\WL_Faq_Element->render()
#2 C:\xampp\htdocs\earthly\wp-content\plugins\elementor\includes\base\widget-base.php(584): Elementor\Controls_Stack->render_by_mode()
#3 C:\xampp\htdocs\earthly\wp-content\plugins\elementor\includes\base\widget-base.php(725): Elementor\Widget_Base->render_content()
#4 C:\xampp\htdocs\earthly\wp-content\plugins\elementor\includes\base\element-base.php(447): Elementor\Widget_Base->print_content()
#5 C:\xampp\htdocs\earthly\wp-content\plugins\elementor\includes\base\element-base.php(741): Elementor\Element_Base->print_element()
#6  in C:\xampp\htdocs\earthly\wp-content\plugins\woolentor-addons\classes\class.icon-manager.php on line 80

2022-01-24T16:26:46+00:00 CRITICAL Uncaught Error: Class 'Elementor\Elementor\Core\Files\Assets\Svg\Svg_Handler' not found in C:\xampp\htdocs\earthly\wp-content\plugins\woolentor-addons\classes\class.icon-manager.php:80
Stack trace:
#0 C:\xampp\htdocs\earthly\wp-content\plugins\woolentor-addons\includes\addons\wl_faq.php(889): Elementor\woolentor_render_icon(Array, 'open_icon', 'openicon')
#1 C:\xampp\htdocs\earthly\wp-content\plugins\elementor\includes\base\controls-stack.php(2172): Elementor\WL_Faq_Element->render()
#2 C:\xampp\htdocs\earthly\wp-content\plugins\elementor\includes\base\widget-base.php(584): Elementor\Controls_Stack->render_by_mode()
#3 C:\xampp\htdocs\earthly\wp-content\plugins\elementor\includes\base\widget-base.php(648): Elementor\Widget_Base->render_content()
#4 C:\xampp\htdocs\earthly\wp-content\plugins\elementor\includes\db.php(202): Elementor\Widget_Base->render_plain_content()
#5 C:\xampp\htdocs\earthly\wp-content\plugins\elementor\includes\db.php(208): Elementor\DB->render_element_plain_content(Array)
#6 C:\xampp\htdo in C:\xampp\htdocs\earthly\wp-content\plugins\woolentor-addons\classes\class.icon-manager.php on line 80

2022-01-24T16:26:58+00:00 CRITICAL Uncaught Error: Class 'Elementor\Elementor\Core\Files\Assets\Svg\Svg_Handler' not found in C:\xampp\htdocs\earthly\wp-content\plugins\woolentor-addons\classes\class.icon-manager.php:80
Stack trace:
#0 C:\xampp\htdocs\earthly\wp-content\plugins\woolentor-addons\includes\addons\wl_faq.php(889): Elementor\woolentor_render_icon(Array, 'open_icon', 'openicon')
#1 C:\xampp\htdocs\earthly\wp-content\plugins\elementor\includes\base\controls-stack.php(2172): Elementor\WL_Faq_Element->render()
#2 C:\xampp\htdocs\earthly\wp-content\plugins\elementor\includes\base\widget-base.php(584): Elementor\Controls_Stack->render_by_mode()
#3 C:\xampp\htdocs\earthly\wp-content\plugins\elementor\includes\base\widget-base.php(725): Elementor\Widget_Base->render_content()
#4 C:\xampp\htdocs\earthly\wp-content\plugins\elementor\includes\base\element-base.php(447): Elementor\Widget_Base->print_content()
#5 C:\xampp\htdocs\earthly\wp-content\plugins\elementor\includes\base\element-base.php(741): Elementor\Element_Base->print_element()
#6  in C:\xampp\htdocs\earthly\wp-content\plugins\woolentor-addons\classes\class.icon-manager.php on line 80

2022-01-24T16:30:06+00:00 CRITICAL Uncaught Error: Class 'Elementor\Elementor\Core\Files\Assets\Svg\Svg_Handler' not found in C:\xampp\htdocs\earthly\wp-content\plugins\woolentor-addons\classes\class.icon-manager.php:80
Stack trace:
#0 C:\xampp\htdocs\earthly\wp-content\plugins\woolentor-addons\includes\addons\wl_faq.php(889): Elementor\woolentor_render_icon(Array, 'open_icon', 'openicon')
#1 C:\xampp\htdocs\earthly\wp-content\plugins\elementor\includes\base\controls-stack.php(2172): Elementor\WL_Faq_Element->render()
#2 C:\xampp\htdocs\earthly\wp-content\plugins\elementor\includes\base\widget-base.php(584): Elementor\Controls_Stack->render_by_mode()
#3 C:\xampp\htdocs\earthly\wp-content\plugins\elementor\includes\base\widget-base.php(648): Elementor\Widget_Base->render_content()
#4 C:\xampp\htdocs\earthly\wp-content\plugins\elementor\includes\db.php(202): Elementor\Widget_Base->render_plain_content()
#5 C:\xampp\htdocs\earthly\wp-content\plugins\elementor\includes\db.php(208): Elementor\DB->render_element_plain_content(Array)
#6 C:\xampp\htdo in C:\xampp\htdocs\earthly\wp-content\plugins\woolentor-addons\classes\class.icon-manager.php on line 80

2022-01-24T16:30:43+00:00 CRITICAL Uncaught Error: Class 'Elementor\Elementor\Core\Files\Assets\Svg\Svg_Handler' not found in C:\xampp\htdocs\earthly\wp-content\plugins\woolentor-addons\classes\class.icon-manager.php:80
Stack trace:
#0 C:\xampp\htdocs\earthly\wp-content\plugins\woolentor-addons\includes\addons\wl_faq.php(889): Elementor\woolentor_render_icon(Array, 'open_icon', 'openicon')
#1 C:\xampp\htdocs\earthly\wp-content\plugins\elementor\includes\base\controls-stack.php(2172): Elementor\WL_Faq_Element->render()
#2 C:\xampp\htdocs\earthly\wp-content\plugins\elementor\includes\base\widget-base.php(584): Elementor\Controls_Stack->render_by_mode()
#3 C:\xampp\htdocs\earthly\wp-content\plugins\elementor\includes\base\widget-base.php(648): Elementor\Widget_Base->render_content()
#4 C:\xampp\htdocs\earthly\wp-content\plugins\elementor\includes\db.php(202): Elementor\Widget_Base->render_plain_content()
#5 C:\xampp\htdocs\earthly\wp-content\plugins\elementor\includes\db.php(208): Elementor\DB->render_element_plain_content(Array)
#6 C:\xampp\htdo in C:\xampp\htdocs\earthly\wp-content\plugins\woolentor-addons\classes\class.icon-manager.php on line 80

2022-01-24T16:31:06+00:00 CRITICAL Uncaught Error: Class 'Elementor\Elementor\Core\Files\Assets\Svg\Svg_Handler' not found in C:\xampp\htdocs\earthly\wp-content\plugins\woolentor-addons\classes\class.icon-manager.php:80
Stack trace:
#0 C:\xampp\htdocs\earthly\wp-content\plugins\woolentor-addons\includes\addons\wl_faq.php(889): Elementor\woolentor_render_icon(Array, 'open_icon', 'openicon')
#1 C:\xampp\htdocs\earthly\wp-content\plugins\elementor\includes\base\controls-stack.php(2172): Elementor\WL_Faq_Element->render()
#2 C:\xampp\htdocs\earthly\wp-content\plugins\elementor\includes\base\widget-base.php(584): Elementor\Controls_Stack->render_by_mode()
#3 C:\xampp\htdocs\earthly\wp-content\plugins\elementor\includes\base\widget-base.php(708): Elementor\Widget_Base->render_content()
#4 C:\xampp\htdocs\earthly\wp-content\plugins\elementor\includes\base\element-base.php(534): Elementor\Widget_Base->get_raw_data(true)
#5 C:\xampp\htdocs\earthly\wp-content\plugins\elementor\includes\base\element-base.php(534): Elementor\Element_Base->get_raw_data(tru in C:\xampp\htdocs\earthly\wp-content\plugins\woolentor-addons\classes\class.icon-manager.php on line 80

2022-01-24T16:31:26+00:00 CRITICAL Uncaught Error: Class 'Elementor\Elementor\Core\Files\Assets\Svg\Svg_Handler' not found in C:\xampp\htdocs\earthly\wp-content\plugins\woolentor-addons\classes\class.icon-manager.php:80
Stack trace:
#0 C:\xampp\htdocs\earthly\wp-content\plugins\woolentor-addons\includes\addons\wl_faq.php(889): Elementor\woolentor_render_icon(Array, 'open_icon', 'openicon')
#1 C:\xampp\htdocs\earthly\wp-content\plugins\elementor\includes\base\controls-stack.php(2172): Elementor\WL_Faq_Element->render()
#2 C:\xampp\htdocs\earthly\wp-content\plugins\elementor\includes\base\widget-base.php(584): Elementor\Controls_Stack->render_by_mode()
#3 C:\xampp\htdocs\earthly\wp-content\plugins\elementor\includes\base\widget-base.php(708): Elementor\Widget_Base->render_content()
#4 C:\xampp\htdocs\earthly\wp-content\plugins\elementor\includes\base\element-base.php(534): Elementor\Widget_Base->get_raw_data(true)
#5 C:\xampp\htdocs\earthly\wp-content\plugins\elementor\includes\base\element-base.php(534): Elementor\Element_Base->get_raw_data(tru in C:\xampp\htdocs\earthly\wp-content\plugins\woolentor-addons\classes\class.icon-manager.php on line 80

2022-01-24T16:31:31+00:00 CRITICAL Uncaught Error: Class 'Elementor\Elementor\Core\Files\Assets\Svg\Svg_Handler' not found in C:\xampp\htdocs\earthly\wp-content\plugins\woolentor-addons\classes\class.icon-manager.php:80
Stack trace:
#0 C:\xampp\htdocs\earthly\wp-content\plugins\woolentor-addons\includes\addons\wl_faq.php(889): Elementor\woolentor_render_icon(Array, 'open_icon', 'openicon')
#1 C:\xampp\htdocs\earthly\wp-content\plugins\elementor\includes\base\controls-stack.php(2172): Elementor\WL_Faq_Element->render()
#2 C:\xampp\htdocs\earthly\wp-content\plugins\elementor\includes\base\widget-base.php(584): Elementor\Controls_Stack->render_by_mode()
#3 C:\xampp\htdocs\earthly\wp-content\plugins\elementor\includes\base\widget-base.php(725): Elementor\Widget_Base->render_content()
#4 C:\xampp\htdocs\earthly\wp-content\plugins\elementor\includes\base\element-base.php(447): Elementor\Widget_Base->print_content()
#5 C:\xampp\htdocs\earthly\wp-content\plugins\elementor\includes\base\element-base.php(741): Elementor\Element_Base->print_element()
#6  in C:\xampp\htdocs\earthly\wp-content\plugins\woolentor-addons\classes\class.icon-manager.php on line 80

2022-01-24T16:31:36+00:00 CRITICAL Uncaught Error: Class 'Elementor\Elementor\Core\Files\Assets\Svg\Svg_Handler' not found in C:\xampp\htdocs\earthly\wp-content\plugins\woolentor-addons\classes\class.icon-manager.php:80
Stack trace:
#0 C:\xampp\htdocs\earthly\wp-content\plugins\woolentor-addons\includes\addons\wl_faq.php(889): Elementor\woolentor_render_icon(Array, 'open_icon', 'openicon')
#1 C:\xampp\htdocs\earthly\wp-content\plugins\elementor\includes\base\controls-stack.php(2172): Elementor\WL_Faq_Element->render()
#2 C:\xampp\htdocs\earthly\wp-content\plugins\elementor\includes\base\widget-base.php(584): Elementor\Controls_Stack->render_by_mode()
#3 C:\xampp\htdocs\earthly\wp-content\plugins\elementor\includes\base\widget-base.php(648): Elementor\Widget_Base->render_content()
#4 C:\xampp\htdocs\earthly\wp-content\plugins\elementor\includes\db.php(202): Elementor\Widget_Base->render_plain_content()
#5 C:\xampp\htdocs\earthly\wp-content\plugins\elementor\includes\db.php(208): Elementor\DB->render_element_plain_content(Array)
#6 C:\xampp\htdo in C:\xampp\htdocs\earthly\wp-content\plugins\woolentor-addons\classes\class.icon-manager.php on line 80

2022-01-24T16:31:41+00:00 CRITICAL Uncaught Error: Class 'Elementor\Elementor\Core\Files\Assets\Svg\Svg_Handler' not found in C:\xampp\htdocs\earthly\wp-content\plugins\woolentor-addons\classes\class.icon-manager.php:80
Stack trace:
#0 C:\xampp\htdocs\earthly\wp-content\plugins\woolentor-addons\includes\addons\wl_faq.php(889): Elementor\woolentor_render_icon(Array, 'open_icon', 'openicon')
#1 C:\xampp\htdocs\earthly\wp-content\plugins\elementor\includes\base\controls-stack.php(2172): Elementor\WL_Faq_Element->render()
#2 C:\xampp\htdocs\earthly\wp-content\plugins\elementor\includes\base\widget-base.php(584): Elementor\Controls_Stack->render_by_mode()
#3 C:\xampp\htdocs\earthly\wp-content\plugins\elementor\includes\base\widget-base.php(725): Elementor\Widget_Base->render_content()
#4 C:\xampp\htdocs\earthly\wp-content\plugins\elementor\includes\base\element-base.php(447): Elementor\Widget_Base->print_content()
#5 C:\xampp\htdocs\earthly\wp-content\plugins\elementor\includes\base\element-base.php(741): Elementor\Element_Base->print_element()
#6  in C:\xampp\htdocs\earthly\wp-content\plugins\woolentor-addons\classes\class.icon-manager.php on line 80

2022-01-24T16:32:14+00:00 CRITICAL Uncaught Error: Class 'Elementor\Elementor\Core\Files\Assets\Svg\Svg_Handler' not found in C:\xampp\htdocs\earthly\wp-content\plugins\woolentor-addons\classes\class.icon-manager.php:80
Stack trace:
#0 C:\xampp\htdocs\earthly\wp-content\plugins\woolentor-addons\includes\addons\wl_faq.php(889): Elementor\woolentor_render_icon(Array, 'open_icon', 'openicon')
#1 C:\xampp\htdocs\earthly\wp-content\plugins\elementor\includes\base\controls-stack.php(2172): Elementor\WL_Faq_Element->render()
#2 C:\xampp\htdocs\earthly\wp-content\plugins\elementor\includes\base\widget-base.php(584): Elementor\Controls_Stack->render_by_mode()
#3 C:\xampp\htdocs\earthly\wp-content\plugins\elementor\includes\base\widget-base.php(708): Elementor\Widget_Base->render_content()
#4 C:\xampp\htdocs\earthly\wp-content\plugins\elementor\includes\base\element-base.php(534): Elementor\Widget_Base->get_raw_data(true)
#5 C:\xampp\htdocs\earthly\wp-content\plugins\elementor\includes\base\element-base.php(534): Elementor\Element_Base->get_raw_data(tru in C:\xampp\htdocs\earthly\wp-content\plugins\woolentor-addons\classes\class.icon-manager.php on line 80

2022-01-24T16:32:14+00:00 CRITICAL Uncaught Error: Class 'Elementor\Elementor\Core\Files\Assets\Svg\Svg_Handler' not found in C:\xampp\htdocs\earthly\wp-content\plugins\woolentor-addons\classes\class.icon-manager.php:80
Stack trace:
#0 C:\xampp\htdocs\earthly\wp-content\plugins\woolentor-addons\includes\addons\wl_faq.php(889): Elementor\woolentor_render_icon(Array, 'open_icon', 'openicon')
#1 C:\xampp\htdocs\earthly\wp-content\plugins\elementor\includes\base\controls-stack.php(2172): Elementor\WL_Faq_Element->render()
#2 C:\xampp\htdocs\earthly\wp-content\plugins\elementor\includes\base\widget-base.php(584): Elementor\Controls_Stack->render_by_mode()
#3 C:\xampp\htdocs\earthly\wp-content\plugins\elementor\includes\base\widget-base.php(708): Elementor\Widget_Base->render_content()
#4 C:\xampp\htdocs\earthly\wp-content\plugins\elementor\includes\base\element-base.php(534): Elementor\Widget_Base->get_raw_data(true)
#5 C:\xampp\htdocs\earthly\wp-content\plugins\elementor\includes\base\element-base.php(534): Elementor\Element_Base->get_raw_data(tru in C:\xampp\htdocs\earthly\wp-content\plugins\woolentor-addons\classes\class.icon-manager.php on line 80

